# JRE version: OpenJDK Runtime Environment (11.0.15) (build 11.0.15+0-b2043.56-9505619)
# Java VM: OpenJDK 64-Bit Server VM (11.0.15+0-b2043.56-9505619, mixed mode, tiered, compressed oops, g1 gc, windows-amd64)
Heap:
 garbage-first heap   total 245760K, used 153974K [0x0000000080000000, 0x0000000100000000)
  region size 1024K, 13 young (13312K), 3 survivors (3072K)
 Metaspace       used 131055K, capacity 135029K, committed 135164K, reserved 1165312K
  class space    used 16922K, capacity 18474K, committed 18584K, reserved 1048576K
GC Heap History (20 events):
Event: 476.176 GC heap before
{Heap before GC invocations=68 (full 0):
 garbage-first heap   total 155648K, used 133324K [0x0000000080000000, 0x0000000100000000)
  region size 1024K, 7 young (7168K), 1 survivors (1024K)
 Metaspace       used 124892K, capacity 128741K, committed 128892K, reserved 1161216K
  class space    used 16199K, capacity 17650K, committed 17688K, reserved 1048576K
}
Event: 476.180 GC heap after
{Heap after GC invocations=69 (full 0):
 garbage-first heap   total 155648K, used 131072K [0x0000000080000000, 0x0000000100000000)
  region size 1024K, 1 young (1024K), 1 survivors (1024K)
 Metaspace       used 124892K, capacity 128741K, committed 128892K, reserved 1161216K
  class space    used 16199K, capacity 17650K, committed 17688K, reserved 1048576K
}
Event: 476.230 GC heap before
{Heap before GC invocations=69 (full 0):
 garbage-first heap   total 155648K, used 137216K [0x0000000080000000, 0x0000000100000000)
  region size 1024K, 7 young (7168K), 1 survivors (1024K)
 Metaspace       used 124939K, capacity 128805K, committed 128892K, reserved 1161216K
  class space    used 16199K, capacity 17650K, committed 17688K, reserved 1048576K
}
Event: 476.236 GC heap after
{Heap after GC invocations=70 (full 0):
 garbage-first heap   total 155648K, used 136881K [0x0000000080000000, 0x0000000100000000)
  region size 1024K, 1 young (1024K), 1 survivors (1024K)
 Metaspace       used 124939K, capacity 128805K, committed 128892K, reserved 1161216K
  class space    used 16199K, capacity 17650K, committed 17688K, reserved 1048576K
}
Event: 476.283 GC heap before
{Heap before GC invocations=70 (full 0):
 garbage-first heap   total 155648K, used 142001K [0x0000000080000000, 0x0000000100000000)
  region size 1024K, 7 young (7168K), 1 survivors (1024K)
 Metaspace       used 125057K, capacity 128871K, committed 129148K, reserved 1161216K
  class space    used 16215K, capacity 17651K, committed 17688K, reserved 1048576K
}
Event: 476.289 GC heap after
{Heap after GC invocations=71 (full 0):
 garbage-first heap   total 155648K, used 140409K [0x0000000080000000, 0x0000000100000000)
  region size 1024K, 1 young (1024K), 1 survivors (1024K)
 Metaspace       used 125057K, capacity 128871K, committed 129148K, reserved 1161216K
  class space    used 16215K, capacity 17651K, committed 17688K, reserved 1048576K
}
Event: 476.425 GC heap before
{Heap before GC invocations=72 (full 0):
 garbage-first heap   total 155648K, used 143481K [0x0000000080000000, 0x0000000100000000)
  region size 1024K, 7 young (7168K), 1 survivors (1024K)
 Metaspace       used 125399K, capacity 129264K, committed 129532K, reserved 1161216K
  class space    used 16264K, capacity 17721K, committed 17816K, reserved 1048576K
}
Event: 476.439 GC heap after
{Heap after GC invocations=73 (full 0):
 garbage-first heap   total 155648K, used 139201K [0x0000000080000000, 0x0000000100000000)
  region size 1024K, 1 young (1024K), 1 survivors (1024K)
 Metaspace       used 125399K, capacity 129264K, committed 129532K, reserved 1161216K
  class space    used 16264K, capacity 17721K, committed 17816K, reserved 1048576K
}
Event: 476.500 GC heap before
{Heap before GC invocations=73 (full 0):
 garbage-first heap   total 155648K, used 145345K [0x0000000080000000, 0x0000000100000000)
  region size 1024K, 7 young (7168K), 1 survivors (1024K)
 Metaspace       used 125501K, capacity 129328K, committed 129532K, reserved 1161216K
  class space    used 16274K, capacity 17721K, committed 17816K, reserved 1048576K
}
Event: 476.504 GC heap after
{Heap after GC invocations=74 (full 0):
 garbage-first heap   total 155648K, used 138891K [0x0000000080000000, 0x0000000100000000)
  region size 1024K, 1 young (1024K), 1 survivors (1024K)
 Metaspace       used 125501K, capacity 129328K, committed 129532K, reserved 1161216K
  class space    used 16274K, capacity 17721K, committed 17816K, reserved 1048576K
}
Event: 476.693 GC heap before
{Heap before GC invocations=74 (full 0):
 garbage-first heap   total 155648K, used 145035K [0x0000000080000000, 0x0000000100000000)
  region size 1024K, 7 young (7168K), 1 survivors (1024K)
 Metaspace       used 127145K, capacity 131032K, committed 131324K, reserved 1163264K
  class space    used 16498K, capacity 17989K, committed 18072K, reserved 1048576K
}
Event: 476.697 GC heap after
{Heap after GC invocations=75 (full 0):
 garbage-first heap   total 198656K, used 138759K [0x0000000080000000, 0x0000000100000000)
  region size 1024K, 1 young (1024K), 1 survivors (1024K)
 Metaspace       used 127145K, capacity 131032K, committed 131324K, reserved 1163264K
  class space    used 16498K, capacity 17989K, committed 18072K, reserved 1048576K
}
Event: 477.086 GC heap before
{Heap before GC invocations=76 (full 0):
 garbage-first heap   total 198656K, used 171527K [0x0000000080000000, 0x0000000100000000)
  region size 1024K, 17 young (17408K), 1 survivors (1024K)
 Metaspace       used 127937K, capacity 131789K, committed 131836K, reserved 1163264K
  class space    used 16572K, capacity 18043K, committed 18072K, reserved 1048576K
}
Event: 477.093 GC heap after
{Heap after GC invocations=77 (full 0):
 garbage-first heap   total 198656K, used 141921K [0x0000000080000000, 0x0000000100000000)
  region size 1024K, 3 young (3072K), 3 survivors (3072K)
 Metaspace       used 127937K, capacity 131789K, committed 131836K, reserved 1163264K
  class space    used 16572K, capacity 18043K, committed 18072K, reserved 1048576K
}
Event: 477.231 GC heap before
{Heap before GC invocations=77 (full 0):
 garbage-first heap   total 198656K, used 147041K [0x0000000080000000, 0x0000000100000000)
  region size 1024K, 9 young (9216K), 3 survivors (3072K)
 Metaspace       used 129184K, capacity 133152K, committed 133372K, reserved 1165312K
  class space    used 16701K, capacity 18196K, committed 18328K, reserved 1048576K
}
Event: 477.236 GC heap after
{Heap after GC invocations=78 (full 0):
 garbage-first heap   total 198656K, used 141627K [0x0000000080000000, 0x0000000100000000)
  region size 1024K, 1 young (1024K), 1 survivors (1024K)
 Metaspace       used 129184K, capacity 133152K, committed 133372K, reserved 1165312K
  class space    used 16701K, capacity 18196K, committed 18328K, reserved 1048576K
}
Event: 477.516 GC heap before
{Heap before GC invocations=78 (full 0):
 garbage-first heap   total 198656K, used 156987K [0x0000000080000000, 0x0000000100000000)
  region size 1024K, 17 young (17408K), 1 survivors (1024K)
 Metaspace       used 129801K, capacity 133819K, committed 133884K, reserved 1165312K
  class space    used 16771K, capacity 18265K, committed 18328K, reserved 1048576K
}
Event: 477.519 GC heap after
{Heap after GC invocations=79 (full 0):
 garbage-first heap   total 198656K, used 142473K [0x0000000080000000, 0x0000000100000000)
  region size 1024K, 2 young (2048K), 2 survivors (2048K)
 Metaspace       used 129801K, capacity 133819K, committed 133884K, reserved 1165312K
  class space    used 16771K, capacity 18265K, committed 18328K, reserved 1048576K
}
Event: 477.826 GC heap before
{Heap before GC invocations=79 (full 0):
 garbage-first heap   total 198656K, used 158857K [0x0000000080000000, 0x0000000100000000)
  region size 1024K, 19 young (19456K), 2 survivors (2048K)
 Metaspace       used 130008K, capacity 133998K, committed 134140K, reserved 1165312K
  class space    used 16793K, capacity 18301K, committed 18328K, reserved 1048576K
}
Event: 477.832 GC heap after
{Heap after GC invocations=80 (full 0):
 garbage-first heap   total 245760K, used 144758K [0x0000000080000000, 0x0000000100000000)
  region size 1024K, 3 young (3072K), 3 survivors (3072K)
 Metaspace       used 130008K, capacity 133998K, committed 134140K, reserved 1165312K
  class space    used 16793K, capacity 18301K, committed 18328K, reserved 1048576K
}

