# JRE version: OpenJDK Runtime Environment (11.0.15) (build 11.0.15+0-b2043.56-9505619)
# Java VM: OpenJDK 64-Bit Server VM (11.0.15+0-b2043.56-9505619, mixed mode, tiered, compressed oops, g1 gc, windows-amd64)
Heap:
 garbage-first heap   total 129024K, used 22896K [0x0000000080000000, 0x0000000100000000)
  region size 1024K, 8 young (8192K), 5 survivors (5120K)
 Metaspace       used 31660K, capacity 32456K, committed 32636K, reserved 1083392K
  class space    used 4248K, capacity 4519K, committed 4556K, reserved 1048576K
GC Heap History (14 events):
Event: 0.818 GC heap before
{Heap before GC invocations=0 (full 0):
 garbage-first heap   total 129024K, used 29696K [0x0000000080000000, 0x0000000100000000)
  region size 1024K, 24 young (24576K), 0 survivors (0K)
 Metaspace       used 10059K, capacity 10336K, committed 10624K, reserved 1058816K
  class space    used 1022K, capacity 1105K, committed 1152K, reserved 1048576K
}
Event: 0.822 GC heap after
{Heap after GC invocations=1 (full 0):
 garbage-first heap   total 129024K, used 9379K [0x0000000080000000, 0x0000000100000000)
  region size 1024K, 3 young (3072K), 3 survivors (3072K)
 Metaspace       used 10059K, capacity 10336K, committed 10624K, reserved 1058816K
  class space    used 1022K, capacity 1105K, committed 1152K, reserved 1048576K
}
Event: 1.169 GC heap before
{Heap before GC invocations=1 (full 0):
 garbage-first heap   total 129024K, used 31907K [0x0000000080000000, 0x0000000100000000)
  region size 1024K, 25 young (25600K), 3 survivors (3072K)
 Metaspace       used 11253K, capacity 11520K, committed 11776K, reserved 1060864K
  class space    used 1156K, capacity 1244K, committed 1280K, reserved 1048576K
}
Event: 1.171 GC heap after
{Heap after GC invocations=2 (full 0):
 garbage-first heap   total 129024K, used 10183K [0x0000000080000000, 0x0000000100000000)
  region size 1024K, 1 young (1024K), 1 survivors (1024K)
 Metaspace       used 11253K, capacity 11520K, committed 11776K, reserved 1060864K
  class space    used 1156K, capacity 1244K, committed 1280K, reserved 1048576K
}
Event: 3.418 GC heap before
{Heap before GC invocations=2 (full 0):
 garbage-first heap   total 129024K, used 64455K [0x0000000080000000, 0x0000000100000000)
  region size 1024K, 53 young (54272K), 1 survivors (1024K)
 Metaspace       used 18213K, capacity 18640K, committed 18688K, reserved 1064960K
  class space    used 2136K, capacity 2281K, committed 2304K, reserved 1048576K
}
Event: 3.424 GC heap after
{Heap after GC invocations=3 (full 0):
 garbage-first heap   total 129024K, used 16414K [0x0000000080000000, 0x0000000100000000)
  region size 1024K, 7 young (7168K), 7 survivors (7168K)
 Metaspace       used 18213K, capacity 18640K, committed 18688K, reserved 1064960K
  class space    used 2136K, capacity 2281K, committed 2304K, reserved 1048576K
}
Event: 3.685 GC heap before
{Heap before GC invocations=3 (full 0):
 garbage-first heap   total 129024K, used 39966K [0x0000000080000000, 0x0000000100000000)
  region size 1024K, 31 young (31744K), 7 survivors (7168K)
 Metaspace       used 20820K, capacity 21195K, committed 21296K, reserved 1069056K
  class space    used 2528K, capacity 2685K, committed 2688K, reserved 1048576K
}
Event: 3.692 GC heap after
{Heap after GC invocations=4 (full 0):
 garbage-first heap   total 129024K, used 17357K [0x0000000080000000, 0x0000000100000000)
  region size 1024K, 1 young (1024K), 1 survivors (1024K)
 Metaspace       used 20820K, capacity 21195K, committed 21296K, reserved 1069056K
  class space    used 2528K, capacity 2685K, committed 2688K, reserved 1048576K
}
Event: 4.273 GC heap before
{Heap before GC invocations=5 (full 0):
 garbage-first heap   total 129024K, used 69581K [0x0000000080000000, 0x0000000100000000)
  region size 1024K, 52 young (53248K), 1 survivors (1024K)
 Metaspace       used 26289K, capacity 26975K, committed 27260K, reserved 1073152K
  class space    used 3418K, capacity 3666K, committed 3788K, reserved 1048576K
}
Event: 4.277 GC heap after
{Heap after GC invocations=6 (full 0):
 garbage-first heap   total 129024K, used 19206K [0x0000000080000000, 0x0000000100000000)
  region size 1024K, 3 young (3072K), 3 survivors (3072K)
 Metaspace       used 26289K, capacity 26975K, committed 27260K, reserved 1073152K
  class space    used 3418K, capacity 3666K, committed 3788K, reserved 1048576K
}
Event: 4.862 GC heap before
{Heap before GC invocations=6 (full 0):
 garbage-first heap   total 129024K, used 74502K [0x0000000080000000, 0x0000000100000000)
  region size 1024K, 57 young (58368K), 3 survivors (3072K)
 Metaspace       used 31162K, capacity 31973K, committed 32124K, reserved 1077248K
  class space    used 4175K, capacity 4463K, committed 4556K, reserved 1048576K
}
Event: 4.867 GC heap after
{Heap after GC invocations=7 (full 0):
 garbage-first heap   total 129024K, used 20671K [0x0000000080000000, 0x0000000100000000)
  region size 1024K, 5 young (5120K), 5 survivors (5120K)
 Metaspace       used 31162K, capacity 31973K, committed 32124K, reserved 1077248K
  class space    used 4175K, capacity 4463K, committed 4556K, reserved 1048576K
}
Event: 4.875 GC heap before
{Heap before GC invocations=7 (full 0):
 garbage-first heap   total 129024K, used 20671K [0x0000000080000000, 0x0000000100000000)
  region size 1024K, 6 young (6144K), 5 survivors (5120K)
 Metaspace       used 31205K, capacity 31973K, committed 32124K, reserved 1083392K
  class space    used 4181K, capacity 4463K, committed 4556K, reserved 1048576K
}
Event: 4.881 GC heap after
{Heap after GC invocations=8 (full 0):
 garbage-first heap   total 129024K, used 20848K [0x0000000080000000, 0x0000000100000000)
  region size 1024K, 5 young (5120K), 5 survivors (5120K)
 Metaspace       used 31205K, capacity 31973K, committed 32124K, reserved 1083392K
  class space    used 4181K, capacity 4463K, committed 4556K, reserved 1048576K
}

