# JRE version: OpenJDK Runtime Environment (11.0.15) (build 11.0.15+0-b2043.56-9505619)
# Java VM: OpenJDK 64-Bit Server VM (11.0.15+0-b2043.56-9505619, mixed mode, tiered, compressed oops, g1 gc, windows-amd64)
Heap:
 garbage-first heap   total 253952K, used 172255K [0x0000000080000000, 0x0000000100000000)
  region size 1024K, 56 young (57344K), 5 survivors (5120K)
 Metaspace       used 124876K, capacity 127866K, committed 128028K, reserved 1161216K
  class space    used 15591K, capacity 16684K, committed 16792K, reserved 1048576K
GC Heap History (20 events):
Event: 69.579 GC heap before
{Heap before GC invocations=66 (full 0):
 garbage-first heap   total 160768K, used 139076K [0x0000000080000000, 0x0000000100000000)
  region size 1024K, 7 young (7168K), 1 survivors (1024K)
 Metaspace       used 115321K, capacity 118172K, committed 118300K, reserved 1153024K
  class space    used 14569K, capacity 15655K, committed 15768K, reserved 1048576K
}
Event: 69.582 GC heap after
{Heap after GC invocations=67 (full 0):
 garbage-first heap   total 160768K, used 133975K [0x0000000080000000, 0x0000000100000000)
  region size 1024K, 1 young (1024K), 1 survivors (1024K)
 Metaspace       used 115321K, capacity 118172K, committed 118300K, reserved 1153024K
  class space    used 14569K, capacity 15655K, committed 15768K, reserved 1048576K
}
Event: 69.705 GC heap before
{Heap before GC invocations=68 (full 0):
 garbage-first heap   total 160768K, used 140119K [0x0000000080000000, 0x0000000100000000)
  region size 1024K, 7 young (7168K), 1 survivors (1024K)
 Metaspace       used 115449K, capacity 118300K, committed 118556K, reserved 1153024K
  class space    used 14569K, capacity 15655K, committed 15768K, reserved 1048576K
}
Event: 69.708 GC heap after
{Heap after GC invocations=69 (full 0):
 garbage-first heap   total 160768K, used 134960K [0x0000000080000000, 0x0000000100000000)
  region size 1024K, 1 young (1024K), 1 survivors (1024K)
 Metaspace       used 115449K, capacity 118300K, committed 118556K, reserved 1153024K
  class space    used 14569K, capacity 15655K, committed 15768K, reserved 1048576K
}
Event: 69.803 GC heap before
{Heap before GC invocations=69 (full 0):
 garbage-first heap   total 160768K, used 141104K [0x0000000080000000, 0x0000000100000000)
  region size 1024K, 7 young (7168K), 1 survivors (1024K)
 Metaspace       used 115497K, capacity 118436K, committed 118556K, reserved 1153024K
  class space    used 14572K, capacity 15655K, committed 15768K, reserved 1048576K
}
Event: 69.807 GC heap after
{Heap after GC invocations=70 (full 0):
 garbage-first heap   total 193536K, used 120196K [0x0000000080000000, 0x0000000100000000)
  region size 1024K, 1 young (1024K), 1 survivors (1024K)
 Metaspace       used 115497K, capacity 118436K, committed 118556K, reserved 1153024K
  class space    used 14572K, capacity 15655K, committed 15768K, reserved 1048576K
}
Event: 69.999 GC heap before
{Heap before GC invocations=70 (full 0):
 garbage-first heap   total 193536K, used 142724K [0x0000000080000000, 0x0000000100000000)
  region size 1024K, 23 young (23552K), 1 survivors (1024K)
 Metaspace       used 115918K, capacity 118852K, committed 119068K, reserved 1153024K
  class space    used 14600K, capacity 15687K, committed 15768K, reserved 1048576K
}
Event: 70.006 GC heap after
{Heap after GC invocations=71 (full 0):
 garbage-first heap   total 193536K, used 125349K [0x0000000080000000, 0x0000000100000000)
  region size 1024K, 3 young (3072K), 3 survivors (3072K)
 Metaspace       used 115918K, capacity 118852K, committed 119068K, reserved 1153024K
  class space    used 14600K, capacity 15687K, committed 15768K, reserved 1048576K
}
Event: 70.886 GC heap before
{Heap before GC invocations=72 (full 0):
 garbage-first heap   total 193536K, used 146853K [0x0000000080000000, 0x0000000100000000)
  region size 1024K, 24 young (24576K), 3 survivors (3072K)
 Metaspace       used 116046K, capacity 118916K, committed 119068K, reserved 1153024K
  class space    used 14608K, capacity 15687K, committed 15768K, reserved 1048576K
}
Event: 70.893 GC heap after
{Heap after GC invocations=73 (full 0):
 garbage-first heap   total 193536K, used 126016K [0x0000000080000000, 0x0000000100000000)
  region size 1024K, 2 young (2048K), 2 survivors (2048K)
 Metaspace       used 116046K, capacity 118916K, committed 119068K, reserved 1153024K
  class space    used 14608K, capacity 15687K, committed 15768K, reserved 1048576K
}
Event: 71.187 GC heap before
{Heap before GC invocations=73 (full 0):
 garbage-first heap   total 193536K, used 133184K [0x0000000080000000, 0x0000000100000000)
  region size 1024K, 9 young (9216K), 2 survivors (2048K)
 Metaspace       used 116049K, capacity 118916K, committed 119068K, reserved 1153024K
  class space    used 14608K, capacity 15687K, committed 15768K, reserved 1048576K
}
Event: 71.192 GC heap after
{Heap after GC invocations=74 (full 0):
 garbage-first heap   total 193536K, used 125257K [0x0000000080000000, 0x0000000100000000)
  region size 1024K, 1 young (1024K), 1 survivors (1024K)
 Metaspace       used 116049K, capacity 118916K, committed 119068K, reserved 1153024K
  class space    used 14608K, capacity 15687K, committed 15768K, reserved 1048576K
}
Event: 72.374 GC heap before
{Heap before GC invocations=74 (full 0):
 garbage-first heap   total 193536K, used 147785K [0x0000000080000000, 0x0000000100000000)
  region size 1024K, 24 young (24576K), 1 survivors (1024K)
 Metaspace       used 116574K, capacity 119432K, committed 119708K, reserved 1153024K
  class space    used 14646K, capacity 15751K, committed 15896K, reserved 1048576K
}
Event: 72.379 GC heap after
{Heap after GC invocations=75 (full 0):
 garbage-first heap   total 253952K, used 125274K [0x0000000080000000, 0x0000000100000000)
  region size 1024K, 1 young (1024K), 1 survivors (1024K)
 Metaspace       used 116574K, capacity 119432K, committed 119708K, reserved 1153024K
  class space    used 14646K, capacity 15751K, committed 15896K, reserved 1048576K
}
Event: 84.784 GC heap before
{Heap before GC invocations=76 (full 0):
 garbage-first heap   total 253952K, used 174426K [0x0000000080000000, 0x0000000100000000)
  region size 1024K, 51 young (52224K), 1 survivors (1024K)
 Metaspace       used 118178K, capacity 121161K, committed 121244K, reserved 1155072K
  class space    used 14791K, capacity 15872K, committed 15896K, reserved 1048576K
}
Event: 85.232 GC heap after
{Heap after GC invocations=77 (full 0):
 garbage-first heap   total 253952K, used 125880K [0x0000000080000000, 0x0000000100000000)
  region size 1024K, 3 young (3072K), 3 survivors (3072K)
 Metaspace       used 118178K, capacity 121161K, committed 121244K, reserved 1155072K
  class space    used 14791K, capacity 15872K, committed 15896K, reserved 1048576K
}
Event: 86.370 GC heap before
{Heap before GC invocations=77 (full 0):
 garbage-first heap   total 253952K, used 135096K [0x0000000080000000, 0x0000000100000000)
  region size 1024K, 12 young (12288K), 3 survivors (3072K)
 Metaspace       used 118598K, capacity 121563K, committed 121884K, reserved 1155072K
  class space    used 14842K, capacity 15942K, committed 16024K, reserved 1048576K
}
Event: 86.381 GC heap after
{Heap after GC invocations=78 (full 0):
 garbage-first heap   total 253952K, used 117453K [0x0000000080000000, 0x0000000100000000)
  region size 1024K, 1 young (1024K), 1 survivors (1024K)
 Metaspace       used 118598K, capacity 121563K, committed 121884K, reserved 1155072K
  class space    used 14842K, capacity 15942K, committed 16024K, reserved 1048576K
}
Event: 94.204 GC heap before
{Heap before GC invocations=78 (full 0):
 garbage-first heap   total 253952K, used 177869K [0x0000000080000000, 0x0000000100000000)
  region size 1024K, 61 young (62464K), 1 survivors (1024K)
 Metaspace       used 121514K, capacity 124487K, committed 124572K, reserved 1157120K
  class space    used 15215K, capacity 16354K, committed 16408K, reserved 1048576K
}
Event: 94.215 GC heap after
{Heap after GC invocations=79 (full 0):
 garbage-first heap   total 253952K, used 121055K [0x0000000080000000, 0x0000000100000000)
  region size 1024K, 5 young (5120K), 5 survivors (5120K)
 Metaspace       used 121514K, capacity 124487K, committed 124572K, reserved 1157120K
  class space    used 15215K, capacity 16354K, committed 16408K, reserved 1048576K
}

