# JRE version: OpenJDK Runtime Environment (11.0.15) (build 11.0.15+0-b2043.56-9505619)
# Java VM: OpenJDK 64-Bit Server VM (11.0.15+0-b2043.56-9505619, mixed mode, tiered, compressed oops, g1 gc, windows-amd64)
Heap:
 garbage-first heap   total 588800K, used 203736K [0x0000000080000000, 0x0000000100000000)
  region size 1024K, 1 young (1024K), 1 survivors (1024K)
 Metaspace       used 110137K, capacity 113297K, committed 113532K, reserved 1146880K
  class space    used 14393K, capacity 15585K, committed 15640K, reserved 1048576K
GC Heap History (20 events):
Event: 19.349 GC heap after
{Heap after GC invocations=31 (full 0):
 garbage-first heap   total 187392K, used 102554K [0x0000000080000000, 0x0000000100000000)
  region size 1024K, 5 young (5120K), 5 survivors (5120K)
 Metaspace       used 98852K, capacity 101365K, committed 101756K, reserved 1136640K
  class space    used 12682K, capacity 13623K, committed 13848K, reserved 1048576K
}
Event: 19.753 GC heap before
{Heap before GC invocations=31 (full 0):
 garbage-first heap   total 187392K, used 143514K [0x0000000080000000, 0x0000000100000000)
  region size 1024K, 47 young (48128K), 5 survivors (5120K)
 Metaspace       used 99448K, capacity 101990K, committed 102268K, reserved 1138688K
  class space    used 12771K, capacity 13738K, committed 13848K, reserved 1048576K
}
Event: 19.763 GC heap after
{Heap after GC invocations=32 (full 0):
 garbage-first heap   total 225280K, used 104626K [0x0000000080000000, 0x0000000100000000)
  region size 1024K, 6 young (6144K), 6 survivors (6144K)
 Metaspace       used 99448K, capacity 101990K, committed 102268K, reserved 1138688K
  class space    used 12771K, capacity 13738K, committed 13848K, reserved 1048576K
}
Event: 20.215 GC heap before
{Heap before GC invocations=33 (full 0):
 garbage-first heap   total 225280K, used 129202K [0x0000000080000000, 0x0000000100000000)
  region size 1024K, 21 young (21504K), 6 survivors (6144K)
 Metaspace       used 102405K, capacity 104979K, committed 105212K, reserved 1140736K
  class space    used 13192K, capacity 14164K, committed 14232K, reserved 1048576K
}
Event: 20.229 GC heap after
{Heap after GC invocations=34 (full 0):
 garbage-first heap   total 225280K, used 120334K [0x0000000080000000, 0x0000000100000000)
  region size 1024K, 7 young (7168K), 7 survivors (7168K)
 Metaspace       used 102405K, capacity 104979K, committed 105212K, reserved 1140736K
  class space    used 13192K, capacity 14164K, committed 14232K, reserved 1048576K
}
Event: 20.526 GC heap before
{Heap before GC invocations=35 (full 0):
 garbage-first heap   total 225280K, used 188942K [0x0000000080000000, 0x0000000100000000)
  region size 1024K, 48 young (49152K), 7 survivors (7168K)
 Metaspace       used 102704K, capacity 105275K, committed 105596K, reserved 1140736K
  class space    used 13235K, capacity 14198K, committed 14360K, reserved 1048576K
}
Event: 20.572 GC heap after
{Heap after GC invocations=36 (full 0):
 garbage-first heap   total 225280K, used 146112K [0x0000000080000000, 0x0000000100000000)
  region size 1024K, 8 young (8192K), 8 survivors (8192K)
 Metaspace       used 102704K, capacity 105275K, committed 105596K, reserved 1140736K
  class space    used 13235K, capacity 14198K, committed 14360K, reserved 1048576K
}
Event: 20.937 GC heap before
{Heap before GC invocations=37 (full 0):
 garbage-first heap   total 225280K, used 182976K [0x0000000080000000, 0x0000000100000000)
  region size 1024K, 43 young (44032K), 8 survivors (8192K)
 Metaspace       used 105084K, capacity 107878K, committed 108156K, reserved 1142784K
  class space    used 13717K, capacity 14751K, committed 14872K, reserved 1048576K
}
Event: 20.961 GC heap after
{Heap after GC invocations=38 (full 0):
 garbage-first heap   total 225280K, used 161171K [0x0000000080000000, 0x0000000100000000)
  region size 1024K, 6 young (6144K), 6 survivors (6144K)
 Metaspace       used 105084K, capacity 107878K, committed 108156K, reserved 1142784K
  class space    used 13717K, capacity 14751K, committed 14872K, reserved 1048576K
}
Event: 21.037 GC heap before
{Heap before GC invocations=38 (full 0):
 garbage-first heap   total 225280K, used 183699K [0x0000000080000000, 0x0000000100000000)
  region size 1024K, 29 young (29696K), 6 survivors (6144K)
 Metaspace       used 105146K, capacity 107946K, committed 108156K, reserved 1142784K
  class space    used 13717K, capacity 14751K, committed 14872K, reserved 1048576K
}
Event: 21.060 GC heap after
{Heap after GC invocations=39 (full 0):
 garbage-first heap   total 225280K, used 174658K [0x0000000080000000, 0x0000000100000000)
  region size 1024K, 4 young (4096K), 4 survivors (4096K)
 Metaspace       used 105146K, capacity 107946K, committed 108156K, reserved 1142784K
  class space    used 13717K, capacity 14751K, committed 14872K, reserved 1048576K
}
Event: 21.106 GC heap before
{Heap before GC invocations=39 (full 0):
 garbage-first heap   total 225280K, used 188994K [0x0000000080000000, 0x0000000100000000)
  region size 1024K, 18 young (18432K), 4 survivors (4096K)
 Metaspace       used 105160K, capacity 107947K, committed 108156K, reserved 1142784K
  class space    used 13717K, capacity 14751K, committed 14872K, reserved 1048576K
}
Event: 21.189 GC heap after
{Heap after GC invocations=40 (full 0):
 garbage-first heap   total 328704K, used 182603K [0x0000000080000000, 0x0000000100000000)
  region size 1024K, 3 young (3072K), 3 survivors (3072K)
 Metaspace       used 105160K, capacity 107947K, committed 108156K, reserved 1142784K
  class space    used 13717K, capacity 14751K, committed 14872K, reserved 1048576K
}
Event: 21.778 GC heap before
{Heap before GC invocations=41 (full 0):
 garbage-first heap   total 328704K, used 231755K [0x0000000080000000, 0x0000000100000000)
  region size 1024K, 52 young (53248K), 3 survivors (3072K)
 Metaspace       used 106259K, capacity 109069K, committed 109308K, reserved 1144832K
  class space    used 13886K, capacity 14953K, committed 15000K, reserved 1048576K
}
Event: 21.819 GC heap after
{Heap after GC invocations=42 (full 0):
 garbage-first heap   total 328704K, used 206510K [0x0000000080000000, 0x0000000100000000)
  region size 1024K, 7 young (7168K), 7 survivors (7168K)
 Metaspace       used 106259K, capacity 109069K, committed 109308K, reserved 1144832K
  class space    used 13886K, capacity 14953K, committed 15000K, reserved 1048576K
}
Event: 22.324 GC heap before
{Heap before GC invocations=42 (full 0):
 garbage-first heap   total 328704K, used 245422K [0x0000000080000000, 0x0000000100000000)
  region size 1024K, 46 young (47104K), 7 survivors (7168K)
 Metaspace       used 108382K, capacity 111407K, committed 111740K, reserved 1146880K
  class space    used 14168K, capacity 15303K, committed 15384K, reserved 1048576K
}
Event: 22.337 GC heap after
{Heap after GC invocations=43 (full 0):
 garbage-first heap   total 328704K, used 212256K [0x0000000080000000, 0x0000000100000000)
  region size 1024K, 4 young (4096K), 4 survivors (4096K)
 Metaspace       used 108382K, capacity 111407K, committed 111740K, reserved 1146880K
  class space    used 14168K, capacity 15303K, committed 15384K, reserved 1048576K
}
Event: 22.967 GC heap before
{Heap before GC invocations=44 (full 0):
 garbage-first heap   total 328704K, used 240530K [0x0000000080000000, 0x0000000100000000)
  region size 1024K, 44 young (45056K), 4 survivors (4096K)
 Metaspace       used 109698K, capacity 112744K, committed 112892K, reserved 1146880K
  class space    used 14314K, capacity 15473K, committed 15512K, reserved 1048576K
}
Event: 22.980 GC heap after
{Heap after GC invocations=45 (full 0):
 garbage-first heap   total 328704K, used 204400K [0x0000000080000000, 0x0000000100000000)
  region size 1024K, 5 young (5120K), 5 survivors (5120K)
 Metaspace       used 109698K, capacity 112744K, committed 112892K, reserved 1146880K
  class space    used 14314K, capacity 15473K, committed 15512K, reserved 1048576K
}
Event: 23.076 GC heap before
{Heap before GC invocations=45 (full 0):
 garbage-first heap   total 328704K, used 217712K [0x0000000080000000, 0x0000000100000000)
  region size 1024K, 16 young (16384K), 5 survivors (5120K)
 Metaspace       used 110137K, capacity 113297K, committed 113532K, reserved 1146880K
  class space    used 14393K, capacity 15585K, committed 15640K, reserved 1048576K
}

