# JRE version: OpenJDK Runtime Environment (11.0.15) (build 11.0.15+0-b2043.56-9505619)
# Java VM: OpenJDK 64-Bit Server VM (11.0.15+0-b2043.56-9505619, mixed mode, tiered, compressed oops, g1 gc, windows-amd64)
Heap:
 garbage-first heap   total 379904K, used 160738K [0x0000000080000000, 0x0000000100000000)
  region size 1024K, 6 young (6144K), 6 survivors (6144K)
 Metaspace       used 106273K, capacity 109036K, committed 109224K, reserved 1144832K
  class space    used 13878K, capacity 14939K, committed 14976K, reserved 1048576K
GC Heap History (20 events):
Event: 15.592 GC heap after
{Heap after GC invocations=28 (full 0):
 garbage-first heap   total 155648K, used 87927K [0x0000000080000000, 0x0000000100000000)
  region size 1024K, 6 young (6144K), 6 survivors (6144K)
 Metaspace       used 88137K, capacity 90278K, committed 90536K, reserved 1128448K
  class space    used 11325K, capacity 12115K, committed 12160K, reserved 1048576K
}
Event: 16.171 GC heap before
{Heap before GC invocations=29 (full 0):
 garbage-first heap   total 155648K, used 125815K [0x0000000080000000, 0x0000000100000000)
  region size 1024K, 43 young (44032K), 6 survivors (6144K)
 Metaspace       used 90607K, capacity 93074K, committed 93224K, reserved 1130496K
  class space    used 11781K, capacity 12764K, committed 12800K, reserved 1048576K
}
Event: 16.182 GC heap after
{Heap after GC invocations=30 (full 0):
 garbage-first heap   total 187392K, used 92012K [0x0000000080000000, 0x0000000100000000)
  region size 1024K, 4 young (4096K), 4 survivors (4096K)
 Metaspace       used 90607K, capacity 93074K, committed 93224K, reserved 1130496K
  class space    used 11781K, capacity 12764K, committed 12800K, reserved 1048576K
}
Event: 16.764 GC heap before
{Heap before GC invocations=30 (full 0):
 garbage-first heap   total 187392K, used 139116K [0x0000000080000000, 0x0000000100000000)
  region size 1024K, 51 young (52224K), 4 survivors (4096K)
 Metaspace       used 91174K, capacity 93722K, committed 93864K, reserved 1130496K
  class space    used 11818K, capacity 12818K, committed 12928K, reserved 1048576K
}
Event: 16.771 GC heap after
{Heap after GC invocations=31 (full 0):
 garbage-first heap   total 187392K, used 94024K [0x0000000080000000, 0x0000000100000000)
  region size 1024K, 6 young (6144K), 6 survivors (6144K)
 Metaspace       used 91174K, capacity 93722K, committed 93864K, reserved 1130496K
  class space    used 11818K, capacity 12818K, committed 12928K, reserved 1048576K
}
Event: 17.324 GC heap before
{Heap before GC invocations=32 (full 0):
 garbage-first heap   total 187392K, used 142152K [0x0000000080000000, 0x0000000100000000)
  region size 1024K, 54 young (55296K), 6 survivors (6144K)
 Metaspace       used 91706K, capacity 94303K, committed 94632K, reserved 1130496K
  class space    used 11843K, capacity 12848K, committed 12928K, reserved 1048576K
}
Event: 17.334 GC heap after
{Heap after GC invocations=33 (full 0):
 garbage-first heap   total 187392K, used 97652K [0x0000000080000000, 0x0000000100000000)
  region size 1024K, 7 young (7168K), 7 survivors (7168K)
 Metaspace       used 91706K, capacity 94303K, committed 94632K, reserved 1130496K
  class space    used 11843K, capacity 12848K, committed 12928K, reserved 1048576K
}
Event: 18.112 GC heap before
{Heap before GC invocations=33 (full 0):
 garbage-first heap   total 187392K, used 145780K [0x0000000080000000, 0x0000000100000000)
  region size 1024K, 55 young (56320K), 7 survivors (7168K)
 Metaspace       used 93971K, capacity 96542K, committed 96680K, reserved 1132544K
  class space    used 12158K, capacity 13161K, committed 13184K, reserved 1048576K
}
Event: 18.126 GC heap after
{Heap after GC invocations=34 (full 0):
 garbage-first heap   total 187392K, used 99650K [0x0000000080000000, 0x0000000100000000)
  region size 1024K, 6 young (6144K), 6 survivors (6144K)
 Metaspace       used 93971K, capacity 96542K, committed 96680K, reserved 1132544K
  class space    used 12158K, capacity 13161K, committed 13184K, reserved 1048576K
}
Event: 18.692 GC heap before
{Heap before GC invocations=35 (full 0):
 garbage-first heap   total 187392K, used 149826K [0x0000000080000000, 0x0000000100000000)
  region size 1024K, 55 young (56320K), 6 survivors (6144K)
 Metaspace       used 97296K, capacity 99683K, committed 100392K, reserved 1136640K
  class space    used 12484K, capacity 13393K, committed 13568K, reserved 1048576K
}
Event: 18.700 GC heap after
{Heap after GC invocations=36 (full 0):
 garbage-first heap   total 187392K, used 101688K [0x0000000080000000, 0x0000000100000000)
  region size 1024K, 4 young (4096K), 4 survivors (4096K)
 Metaspace       used 97296K, capacity 99683K, committed 100392K, reserved 1136640K
  class space    used 12484K, capacity 13393K, committed 13568K, reserved 1048576K
}
Event: 19.193 GC heap before
{Heap before GC invocations=36 (full 0):
 garbage-first heap   total 187392K, used 150840K [0x0000000080000000, 0x0000000100000000)
  region size 1024K, 53 young (54272K), 4 survivors (4096K)
 Metaspace       used 99198K, capacity 101699K, committed 102184K, reserved 1138688K
  class space    used 12715K, capacity 13672K, committed 13824K, reserved 1048576K
}
Event: 19.208 GC heap after
{Heap after GC invocations=37 (full 0):
 garbage-first heap   total 225280K, used 104525K [0x0000000080000000, 0x0000000100000000)
  region size 1024K, 7 young (7168K), 7 survivors (7168K)
 Metaspace       used 99198K, capacity 101699K, committed 102184K, reserved 1138688K
  class space    used 12715K, capacity 13672K, committed 13824K, reserved 1048576K
}
Event: 19.620 GC heap before
{Heap before GC invocations=38 (full 0):
 garbage-first heap   total 225280K, used 131149K [0x0000000080000000, 0x0000000100000000)
  region size 1024K, 32 young (32768K), 7 survivors (7168K)
 Metaspace       used 100212K, capacity 102866K, committed 103080K, reserved 1138688K
  class space    used 12876K, capacity 13898K, committed 13952K, reserved 1048576K
}
Event: 19.689 GC heap after
{Heap after GC invocations=39 (full 0):
 garbage-first heap   total 225280K, used 108986K [0x0000000080000000, 0x0000000100000000)
  region size 1024K, 7 young (7168K), 7 survivors (7168K)
 Metaspace       used 100212K, capacity 102866K, committed 103080K, reserved 1138688K
  class space    used 12876K, capacity 13898K, committed 13952K, reserved 1048576K
}
Event: 20.444 GC heap before
{Heap before GC invocations=40 (full 0):
 garbage-first heap   total 225280K, used 132538K [0x0000000080000000, 0x0000000100000000)
  region size 1024K, 24 young (24576K), 7 survivors (7168K)
 Metaspace       used 103207K, capacity 105910K, committed 106024K, reserved 1140736K
  class space    used 13297K, capacity 14318K, committed 14336K, reserved 1048576K
}
Event: 20.461 GC heap after
{Heap after GC invocations=41 (full 0):
 garbage-first heap   total 225280K, used 121784K [0x0000000080000000, 0x0000000100000000)
  region size 1024K, 9 young (9216K), 9 survivors (9216K)
 Metaspace       used 103207K, capacity 105910K, committed 106024K, reserved 1140736K
  class space    used 13297K, capacity 14318K, committed 14336K, reserved 1048576K
}
Event: 20.895 GC heap before
{Heap before GC invocations=42 (full 0):
 garbage-first heap   total 225280K, used 193464K [0x0000000080000000, 0x0000000100000000)
  region size 1024K, 53 young (54272K), 9 survivors (9216K)
 Metaspace       used 103797K, capacity 106524K, committed 106664K, reserved 1142784K
  class space    used 13394K, capacity 14397K, committed 14464K, reserved 1048576K
}
Event: 20.947 GC heap after
{Heap after GC invocations=43 (full 0):
 garbage-first heap   total 225280K, used 147456K [0x0000000080000000, 0x0000000100000000)
  region size 1024K, 9 young (9216K), 9 survivors (9216K)
 Metaspace       used 103797K, capacity 106524K, committed 106664K, reserved 1142784K
  class space    used 13394K, capacity 14397K, committed 14464K, reserved 1048576K
}
Event: 21.395 GC heap before
{Heap before GC invocations=44 (full 0):
 garbage-first heap   total 225280K, used 184320K [0x0000000080000000, 0x0000000100000000)
  region size 1024K, 44 young (45056K), 9 survivors (9216K)
 Metaspace       used 106273K, capacity 109036K, committed 109224K, reserved 1144832K
  class space    used 13878K, capacity 14939K, committed 14976K, reserved 1048576K
}

