# JRE version: OpenJDK Runtime Environment (11.0.15) (build 11.0.15+0-b2043.56-9505619)
# Java VM: OpenJDK 64-Bit Server VM (11.0.15+0-b2043.56-9505619, mixed mode, tiered, compressed oops, g1 gc, windows-amd64)
Heap:
 garbage-first heap   total 792576K, used 220269K [0x0000000080000000, 0x0000000100000000)
  region size 1024K, 5 young (5120K), 5 survivors (5120K)
 Metaspace       used 108959K, capacity 112013K, committed 112412K, reserved 1146880K
  class space    used 14191K, capacity 15364K, committed 15512K, reserved 1048576K
GC Heap History (20 events):
Event: 23.908 GC heap after
{Heap after GC invocations=46 (full 0):
 garbage-first heap   total 187392K, used 149682K [0x0000000080000000, 0x0000000100000000)
  region size 1024K, 2 young (2048K), 2 survivors (2048K)
 Metaspace       used 102405K, capacity 105006K, committed 105244K, reserved 1140736K
  class space    used 13160K, capacity 14153K, committed 14232K, reserved 1048576K
}
Event: 23.957 GC heap before
{Heap before GC invocations=46 (full 0):
 garbage-first heap   total 187392K, used 158898K [0x0000000080000000, 0x0000000100000000)
  region size 1024K, 10 young (10240K), 2 survivors (2048K)
 Metaspace       used 102405K, capacity 105006K, committed 105244K, reserved 1140736K
  class space    used 13160K, capacity 14153K, committed 14232K, reserved 1048576K
}
Event: 23.965 GC heap after
{Heap after GC invocations=47 (full 0):
 garbage-first heap   total 187392K, used 154354K [0x0000000080000000, 0x0000000100000000)
  region size 1024K, 2 young (2048K), 2 survivors (2048K)
 Metaspace       used 102405K, capacity 105006K, committed 105244K, reserved 1140736K
  class space    used 13160K, capacity 14153K, committed 14232K, reserved 1048576K
}
Event: 24.003 GC heap before
{Heap before GC invocations=47 (full 0):
 garbage-first heap   total 187392K, used 162546K [0x0000000080000000, 0x0000000100000000)
  region size 1024K, 9 young (9216K), 2 survivors (2048K)
 Metaspace       used 102405K, capacity 105006K, committed 105244K, reserved 1140736K
  class space    used 13160K, capacity 14153K, committed 14232K, reserved 1048576K
}
Event: 24.012 GC heap after
{Heap after GC invocations=48 (full 0):
 garbage-first heap   total 225280K, used 158720K [0x0000000080000000, 0x0000000100000000)
  region size 1024K, 2 young (2048K), 2 survivors (2048K)
 Metaspace       used 102405K, capacity 105006K, committed 105244K, reserved 1140736K
  class space    used 13160K, capacity 14153K, committed 14232K, reserved 1048576K
}
Event: 24.214 GC heap before
{Heap before GC invocations=49 (full 0):
 garbage-first heap   total 225280K, used 175104K [0x0000000080000000, 0x0000000100000000)
  region size 1024K, 19 young (19456K), 2 survivors (2048K)
 Metaspace       used 104658K, capacity 107390K, committed 107548K, reserved 1142784K
  class space    used 13644K, capacity 14681K, committed 14744K, reserved 1048576K
}
Event: 24.229 GC heap after
{Heap after GC invocations=50 (full 0):
 garbage-first heap   total 225280K, used 163914K [0x0000000080000000, 0x0000000100000000)
  region size 1024K, 3 young (3072K), 3 survivors (3072K)
 Metaspace       used 104658K, capacity 107390K, committed 107548K, reserved 1142784K
  class space    used 13644K, capacity 14681K, committed 14744K, reserved 1048576K
}
Event: 24.294 GC heap before
{Heap before GC invocations=50 (full 0):
 garbage-first heap   total 225280K, used 179274K [0x0000000080000000, 0x0000000100000000)
  region size 1024K, 19 young (19456K), 3 survivors (3072K)
 Metaspace       used 104739K, capacity 107461K, committed 107548K, reserved 1142784K
  class space    used 13645K, capacity 14682K, committed 14744K, reserved 1048576K
}
Event: 24.307 GC heap after
{Heap after GC invocations=51 (full 0):
 garbage-first heap   total 225280K, used 172294K [0x0000000080000000, 0x0000000100000000)
  region size 1024K, 3 young (3072K), 3 survivors (3072K)
 Metaspace       used 104739K, capacity 107461K, committed 107548K, reserved 1142784K
  class space    used 13645K, capacity 14682K, committed 14744K, reserved 1048576K
}
Event: 24.347 GC heap before
{Heap before GC invocations=51 (full 0):
 garbage-first heap   total 225280K, used 185606K [0x0000000080000000, 0x0000000100000000)
  region size 1024K, 16 young (16384K), 3 survivors (3072K)
 Metaspace       used 104806K, capacity 107533K, committed 107804K, reserved 1142784K
  class space    used 13645K, capacity 14682K, committed 14744K, reserved 1048576K
}
Event: 24.355 GC heap after
{Heap after GC invocations=52 (full 0):
 garbage-first heap   total 225280K, used 179371K [0x0000000080000000, 0x0000000100000000)
  region size 1024K, 2 young (2048K), 2 survivors (2048K)
 Metaspace       used 104806K, capacity 107533K, committed 107804K, reserved 1142784K
  class space    used 13645K, capacity 14682K, committed 14744K, reserved 1048576K
}
Event: 24.375 GC heap before
{Heap before GC invocations=52 (full 0):
 garbage-first heap   total 225280K, used 189611K [0x0000000080000000, 0x0000000100000000)
  region size 1024K, 12 young (12288K), 2 survivors (2048K)
 Metaspace       used 104813K, capacity 107533K, committed 107804K, reserved 1142784K
  class space    used 13645K, capacity 14682K, committed 14744K, reserved 1048576K
}
Event: 24.386 GC heap after
{Heap after GC invocations=53 (full 0):
 garbage-first heap   total 357376K, used 185235K [0x0000000080000000, 0x0000000100000000)
  region size 1024K, 2 young (2048K), 2 survivors (2048K)
 Metaspace       used 104813K, capacity 107533K, committed 107804K, reserved 1142784K
  class space    used 13645K, capacity 14682K, committed 14744K, reserved 1048576K
}
Event: 24.524 GC heap before
{Heap before GC invocations=53 (full 0):
 garbage-first heap   total 357376K, used 231315K [0x0000000080000000, 0x0000000100000000)
  region size 1024K, 48 young (49152K), 2 survivors (2048K)
 Metaspace       used 104867K, capacity 107605K, committed 107804K, reserved 1142784K
  class space    used 13645K, capacity 14682K, committed 14744K, reserved 1048576K
}
Event: 24.545 GC heap after
{Heap after GC invocations=54 (full 0):
 garbage-first heap   total 357376K, used 209321K [0x0000000080000000, 0x0000000100000000)
  region size 1024K, 6 young (6144K), 6 survivors (6144K)
 Metaspace       used 104867K, capacity 107605K, committed 107804K, reserved 1142784K
  class space    used 13645K, capacity 14682K, committed 14744K, reserved 1048576K
}
Event: 25.366 GC heap before
{Heap before GC invocations=55 (full 0):
 garbage-first heap   total 357376K, used 251305K [0x0000000080000000, 0x0000000100000000)
  region size 1024K, 47 young (48128K), 6 survivors (6144K)
 Metaspace       used 107499K, capacity 110373K, committed 110492K, reserved 1144832K
  class space    used 14010K, capacity 15089K, committed 15128K, reserved 1048576K
}
Event: 25.411 GC heap after
{Heap after GC invocations=56 (full 0):
 garbage-first heap   total 357376K, used 220552K [0x0000000080000000, 0x0000000100000000)
  region size 1024K, 6 young (6144K), 6 survivors (6144K)
 Metaspace       used 107499K, capacity 110373K, committed 110492K, reserved 1144832K
  class space    used 14010K, capacity 15089K, committed 15128K, reserved 1048576K
}
Event: 26.018 GC heap before
{Heap before GC invocations=56 (full 0):
 garbage-first heap   total 357376K, used 260488K [0x0000000080000000, 0x0000000100000000)
  region size 1024K, 46 young (47104K), 6 survivors (6144K)
 Metaspace       used 108654K, capacity 111725K, committed 111772K, reserved 1146880K
  class space    used 14184K, capacity 15370K, committed 15384K, reserved 1048576K
}
Event: 26.031 GC heap after
{Heap after GC invocations=57 (full 0):
 garbage-first heap   total 357376K, used 226635K [0x0000000080000000, 0x0000000100000000)
  region size 1024K, 6 young (6144K), 6 survivors (6144K)
 Metaspace       used 108654K, capacity 111725K, committed 111772K, reserved 1146880K
  class space    used 14184K, capacity 15370K, committed 15384K, reserved 1048576K
}
Event: 26.689 GC heap before
{Heap before GC invocations=58 (full 0):
 garbage-first heap   total 357376K, used 258379K [0x0000000080000000, 0x0000000100000000)
  region size 1024K, 47 young (48128K), 6 survivors (6144K)
 Metaspace       used 108959K, capacity 112013K, committed 112412K, reserved 1146880K
  class space    used 14191K, capacity 15364K, committed 15512K, reserved 1048576K
}

