# JRE version: OpenJDK Runtime Environment (11.0.15) (build 11.0.15+0-b2043.56-9505619)
# Java VM: OpenJDK 64-Bit Server VM (11.0.15+0-b2043.56-9505619, mixed mode, tiered, compressed oops, g1 gc, windows-amd64)
Heap:
 garbage-first heap   total 155648K, used 26640K [0x0000000082e00000, 0x0000000100000000)
  region size 1024K, 6 young (6144K), 6 survivors (6144K)
 Metaspace       used 45126K, capacity 45656K, committed 46032K, reserved 1089536K
  class space    used 5294K, capacity 5501K, committed 5628K, reserved 1048576K
GC Heap History (9 events):
Event: 0.530 GC heap before
{Heap before GC invocations=0 (full 0):
 garbage-first heap   total 129024K, used 28672K [0x0000000082e00000, 0x0000000100000000)
  region size 1024K, 24 young (24576K), 0 survivors (0K)
 Metaspace       used 11799K, capacity 11890K, committed 12160K, reserved 1060864K
  class space    used 1076K, capacity 1109K, committed 1152K, reserved 1048576K
}
Event: 0.535 GC heap after
{Heap after GC invocations=1 (full 0):
 garbage-first heap   total 129024K, used 6740K [0x0000000082e00000, 0x0000000100000000)
  region size 1024K, 3 young (3072K), 3 survivors (3072K)
 Metaspace       used 11799K, capacity 11890K, committed 12160K, reserved 1060864K
  class space    used 1076K, capacity 1109K, committed 1152K, reserved 1048576K
}
Event: 1.176 GC heap before
{Heap before GC invocations=1 (full 0):
 garbage-first heap   total 129024K, used 45652K [0x0000000082e00000, 0x0000000100000000)
  region size 1024K, 42 young (43008K), 3 survivors (3072K)
 Metaspace       used 21032K, capacity 21185K, committed 21248K, reserved 1069056K
  class space    used 2219K, capacity 2302K, committed 2304K, reserved 1048576K
}
Event: 1.187 GC heap after
{Heap after GC invocations=2 (full 0):
 garbage-first heap   total 129024K, used 10558K [0x0000000082e00000, 0x0000000100000000)
  region size 1024K, 7 young (7168K), 7 survivors (7168K)
 Metaspace       used 21032K, capacity 21185K, committed 21248K, reserved 1069056K
  class space    used 2219K, capacity 2302K, committed 2304K, reserved 1048576K
}
Event: 2.464 GC heap before
{Heap before GC invocations=3 (full 0):
 garbage-first heap   total 129024K, used 68926K [0x0000000082e00000, 0x0000000100000000)
  region size 1024K, 58 young (59392K), 7 survivors (7168K)
 Metaspace       used 33407K, capacity 33796K, committed 34044K, reserved 1079296K
  class space    used 4134K, capacity 4305K, committed 4348K, reserved 1048576K
}
Event: 2.486 GC heap after
{Heap after GC invocations=4 (full 0):
 garbage-first heap   total 129024K, used 22645K [0x0000000082e00000, 0x0000000100000000)
  region size 1024K, 8 young (8192K), 8 survivors (8192K)
 Metaspace       used 33407K, capacity 33796K, committed 34044K, reserved 1079296K
  class space    used 4134K, capacity 4305K, committed 4348K, reserved 1048576K
}
Event: 2.667 GC heap before
{Heap before GC invocations=4 (full 0):
 garbage-first heap   total 129024K, used 34933K [0x0000000082e00000, 0x0000000100000000)
  region size 1024K, 21 young (21504K), 8 survivors (8192K)
 Metaspace       used 35542K, capacity 35951K, committed 36048K, reserved 1081344K
  class space    used 4349K, capacity 4533K, committed 4604K, reserved 1048576K
}
Event: 2.677 GC heap after
{Heap after GC invocations=5 (full 0):
 garbage-first heap   total 129024K, used 23143K [0x0000000082e00000, 0x0000000100000000)
  region size 1024K, 3 young (3072K), 3 survivors (3072K)
 Metaspace       used 35542K, capacity 35951K, committed 36048K, reserved 1081344K
  class space    used 4349K, capacity 4533K, committed 4604K, reserved 1048576K
}
Event: 3.348 GC heap before
{Heap before GC invocations=6 (full 0):
 garbage-first heap   total 129024K, used 67175K [0x0000000082e00000, 0x0000000100000000)
  region size 1024K, 46 young (47104K), 3 survivors (3072K)
 Metaspace       used 45126K, capacity 45656K, committed 46032K, reserved 1089536K
  class space    used 5294K, capacity 5501K, committed 5628K, reserved 1048576K
}

